# JRE version: OpenJDK Runtime Environment (11.0.5+10) (build 11.0.5+10-b520.17)
# Java VM: OpenJDK 64-Bit Server VM (11.0.5+10-b520.17, mixed mode, tiered, compressed oops, concurrent mark sweep gc, linux-amd64)
Heap:
 par new generation   total 39296K, used 25575K [0x00000000d1200000, 0x00000000d3ca0000, 0x00000000db860000)
  eden space 34944K,  65% used [0x00000000d1200000, 0x00000000d28616a8, 0x00000000d3420000)
  from space 4352K,  61% used [0x00000000d3420000, 0x00000000d36b8880, 0x00000000d3860000)
  to   space 4352K,   0% used [0x00000000d3860000, 0x00000000d3860000, 0x00000000d3ca0000)
 concurrent mark-sweep generation total 363272K, used 254277K [0x00000000db860000, 0x00000000f1b22000, 0x0000000100000000)
 Metaspace       used 197275K, capacity 203221K, committed 203488K, reserved 1228800K
  class space    used 22206K, capacity 24622K, committed 24720K, reserved 1048576K
GC Heap History (20 events):
Event: 24401.989 GC heap before
{Heap before GC invocations=1088 (full 24):
 par new generation   total 39296K, used 37954K [0x00000000d1200000, 0x00000000d3ca0000, 0x00000000db860000)
  eden space 34944K, 100% used [0x00000000d1200000, 0x00000000d3420000, 0x00000000d3420000)
  from space 4352K,  69% used [0x00000000d3420000, 0x00000000d3710af0, 0x00000000d3860000)
  to   space 4352K,   0% used [0x00000000d3860000, 0x00000000d3860000, 0x00000000d3ca0000)
 concurrent mark-sweep generation total 356728K, used 246050K [0x00000000db860000, 0x00000000f14be000, 0x0000000100000000)
 Metaspace       used 197146K, capacity 203066K, committed 203232K, reserved 1228800K
  class space    used 22199K, capacity 24616K, committed 24720K, reserved 1048576K
}
Event: 24401.996 GC heap after
{Heap after GC invocations=1089 (full 24):
 par new generation   total 39296K, used 1715K [0x00000000d1200000, 0x00000000d3ca0000, 0x00000000db860000)
  eden space 34944K,   0% used [0x00000000d1200000, 0x00000000d1200000, 0x00000000d3420000)
  from space 4352K,  39% used [0x00000000d3860000, 0x00000000d3a0cd48, 0x00000000d3ca0000)
  to   space 4352K,   0% used [0x00000000d3420000, 0x00000000d3420000, 0x00000000d3860000)
 concurrent mark-sweep generation total 356728K, used 246316K [0x00000000db860000, 0x00000000f14be000, 0x0000000100000000)
 Metaspace       used 197146K, capacity 203066K, committed 203232K, reserved 1228800K
  class space    used 22199K, capacity 24616K, committed 24720K, reserved 1048576K
}
Event: 24505.413 GC heap before
{Heap before GC invocations=1089 (full 24):
 par new generation   total 39296K, used 36659K [0x00000000d1200000, 0x00000000d3ca0000, 0x00000000db860000)
  eden space 34944K, 100% used [0x00000000d1200000, 0x00000000d3420000, 0x00000000d3420000)
  from space 4352K,  39% used [0x00000000d3860000, 0x00000000d3a0cd48, 0x00000000d3ca0000)
  to   space 4352K,   0% used [0x00000000d3420000, 0x00000000d3420000, 0x00000000d3860000)
 concurrent mark-sweep generation total 356728K, used 246316K [0x00000000db860000, 0x00000000f14be000, 0x0000000100000000)
 Metaspace       used 197153K, capacity 203066K, committed 203232K, reserved 1228800K
  class space    used 22199K, capacity 24616K, committed 24720K, reserved 1048576K
}
Event: 24505.417 GC heap after
{Heap after GC invocations=1090 (full 24):
 par new generation   total 39296K, used 2186K [0x00000000d1200000, 0x00000000d3ca0000, 0x00000000db860000)
  eden space 34944K,   0% used [0x00000000d1200000, 0x00000000d1200000, 0x00000000d3420000)
  from space 4352K,  50% used [0x00000000d3420000, 0x00000000d3642b28, 0x00000000d3860000)
  to   space 4352K,   0% used [0x00000000d3860000, 0x00000000d3860000, 0x00000000d3ca0000)
 concurrent mark-sweep generation total 356728K, used 246767K [0x00000000db860000, 0x00000000f14be000, 0x0000000100000000)
 Metaspace       used 197153K, capacity 203066K, committed 203232K, reserved 1228800K
  class space    used 22199K, capacity 24616K, committed 24720K, reserved 1048576K
}
Event: 24505.835 GC heap before
{Heap before GC invocations=1090 (full 24):
 par new generation   total 39296K, used 37130K [0x00000000d1200000, 0x00000000d3ca0000, 0x00000000db860000)
  eden space 34944K, 100% used [0x00000000d1200000, 0x00000000d3420000, 0x00000000d3420000)
  from space 4352K,  50% used [0x00000000d3420000, 0x00000000d3642b28, 0x00000000d3860000)
  to   space 4352K,   0% used [0x00000000d3860000, 0x00000000d3860000, 0x00000000d3ca0000)
 concurrent mark-sweep generation total 356728K, used 246767K [0x00000000db860000, 0x00000000f14be000, 0x0000000100000000)
 Metaspace       used 197153K, capacity 203066K, committed 203232K, reserved 1228800K
  class space    used 22199K, capacity 24616K, committed 24720K, reserved 1048576K
}
Event: 24505.870 GC heap after
{Heap after GC invocations=1091 (full 24):
 par new generation   total 39296K, used 744K [0x00000000d1200000, 0x00000000d3ca0000, 0x00000000db860000)
  eden space 34944K,   0% used [0x00000000d1200000, 0x00000000d1200000, 0x00000000d3420000)
  from space 4352K,  17% used [0x00000000d3860000, 0x00000000d391a0f0, 0x00000000d3ca0000)
  to   space 4352K,   0% used [0x00000000d3420000, 0x00000000d3420000, 0x00000000d3860000)
 concurrent mark-sweep generation total 356728K, used 247045K [0x00000000db860000, 0x00000000f14be000, 0x0000000100000000)
 Metaspace       used 197153K, capacity 203066K, committed 203232K, reserved 1228800K
  class space    used 22199K, capacity 24616K, committed 24720K, reserved 1048576K
}
Event: 24771.469 GC heap before
{Heap before GC invocations=1091 (full 24):
 par new generation   total 39296K, used 29855K [0x00000000d1200000, 0x00000000d3ca0000, 0x00000000db860000)
  eden space 34944K,  83% used [0x00000000d1200000, 0x00000000d2e6dee8, 0x00000000d3420000)
  from space 4352K,  17% used [0x00000000d3860000, 0x00000000d391a0f0, 0x00000000d3ca0000)
  to   space 4352K,   0% used [0x00000000d3420000, 0x00000000d3420000, 0x00000000d3860000)
 concurrent mark-sweep generation total 356728K, used 247045K [0x00000000db860000, 0x00000000f14be000, 0x0000000100000000)
 Metaspace       used 197188K, capacity 203197K, committed 203488K, reserved 1228800K
  class space    used 22202K, capacity 24617K, committed 24720K, reserved 1048576K
}
Event: 24771.471 GC heap after
{Heap after GC invocations=1092 (full 24):
 par new generation   total 39296K, used 728K [0x00000000d1200000, 0x00000000d3ca0000, 0x00000000db860000)
  eden space 34944K,   0% used [0x00000000d1200000, 0x00000000d1200000, 0x00000000d3420000)
  from space 4352K,  16% used [0x00000000d3420000, 0x00000000d34d6210, 0x00000000d3860000)
  to   space 4352K,   0% used [0x00000000d3860000, 0x00000000d3860000, 0x00000000d3ca0000)
 concurrent mark-sweep generation total 356728K, used 247555K [0x00000000db860000, 0x00000000f14be000, 0x0000000100000000)
 Metaspace       used 197188K, capacity 203197K, committed 203488K, reserved 1228800K
  class space    used 22202K, capacity 24617K, committed 24720K, reserved 1048576K
}
Event: 28045.660 GC heap before
{Heap before GC invocations=1092 (full 24):
 par new generation   total 39296K, used 35672K [0x00000000d1200000, 0x00000000d3ca0000, 0x00000000db860000)
  eden space 34944K, 100% used [0x00000000d1200000, 0x00000000d3420000, 0x00000000d3420000)
  from space 4352K,  16% used [0x00000000d3420000, 0x00000000d34d6210, 0x00000000d3860000)
  to   space 4352K,   0% used [0x00000000d3860000, 0x00000000d3860000, 0x00000000d3ca0000)
 concurrent mark-sweep generation total 356728K, used 247555K [0x00000000db860000, 0x00000000f14be000, 0x0000000100000000)
 Metaspace       used 197195K, capacity 203197K, committed 203488K, reserved 1228800K
  class space    used 22202K, capacity 24617K, committed 24720K, reserved 1048576K
}
Event: 28045.689 GC heap after
{Heap after GC invocations=1093 (full 24):
 par new generation   total 39296K, used 238K [0x00000000d1200000, 0x00000000d3ca0000, 0x00000000db860000)
  eden space 34944K,   0% used [0x00000000d1200000, 0x00000000d1200000, 0x00000000d3420000)
  from space 4352K,   5% used [0x00000000d3860000, 0x00000000d389b890, 0x00000000d3ca0000)
  to   space 4352K,   0% used [0x00000000d3420000, 0x00000000d3420000, 0x00000000d3860000)
 concurrent mark-sweep generation total 363272K, used 254217K [0x00000000db860000, 0x00000000f1b22000, 0x0000000100000000)
 Metaspace       used 197195K, capacity 203197K, committed 203488K, reserved 1228800K
  class space    used 22202K, capacity 24617K, committed 24720K, reserved 1048576K
}
Event: 28046.171 GC heap before
{Heap before GC invocations=1093 (full 24):
 par new generation   total 39296K, used 35182K [0x00000000d1200000, 0x00000000d3ca0000, 0x00000000db860000)
  eden space 34944K, 100% used [0x00000000d1200000, 0x00000000d3420000, 0x00000000d3420000)
  from space 4352K,   5% used [0x00000000d3860000, 0x00000000d389b890, 0x00000000d3ca0000)
  to   space 4352K,   0% used [0x00000000d3420000, 0x00000000d3420000, 0x00000000d3860000)
 concurrent mark-sweep generation total 363272K, used 254217K [0x00000000db860000, 0x00000000f1b22000, 0x0000000100000000)
 Metaspace       used 197195K, capacity 203197K, committed 203488K, reserved 1228800K
  class space    used 22202K, capacity 24617K, committed 24720K, reserved 1048576K
}
Event: 28046.173 GC heap after
{Heap after GC invocations=1094 (full 24):
 par new generation   total 39296K, used 100K [0x00000000d1200000, 0x00000000d3ca0000, 0x00000000db860000)
  eden space 34944K,   0% used [0x00000000d1200000, 0x00000000d1200000, 0x00000000d3420000)
  from space 4352K,   2% used [0x00000000d3420000, 0x00000000d3439170, 0x00000000d3860000)
  to   space 4352K,   0% used [0x00000000d3860000, 0x00000000d3860000, 0x00000000d3ca0000)
 concurrent mark-sweep generation total 363272K, used 254254K [0x00000000db860000, 0x00000000f1b22000, 0x0000000100000000)
 Metaspace       used 197195K, capacity 203197K, committed 203488K, reserved 1228800K
  class space    used 22202K, capacity 24617K, committed 24720K, reserved 1048576K
}
Event: 28047.230 GC heap before
{Heap before GC invocations=1094 (full 24):
 par new generation   total 39296K, used 35044K [0x00000000d1200000, 0x00000000d3ca0000, 0x00000000db860000)
  eden space 34944K, 100% used [0x00000000d1200000, 0x00000000d3420000, 0x00000000d3420000)
  from space 4352K,   2% used [0x00000000d3420000, 0x00000000d3439170, 0x00000000d3860000)
  to   space 4352K,   0% used [0x00000000d3860000, 0x00000000d3860000, 0x00000000d3ca0000)
 concurrent mark-sweep generation total 363272K, used 254254K [0x00000000db860000, 0x00000000f1b22000, 0x0000000100000000)
 Metaspace       used 197199K, capacity 203203K, committed 203488K, reserved 1228800K
  class space    used 22204K, capacity 24619K, committed 24720K, reserved 1048576K
}
Event: 28047.233 GC heap after
{Heap after GC invocations=1095 (full 24):
 par new generation   total 39296K, used 529K [0x00000000d1200000, 0x00000000d3ca0000, 0x00000000db860000)
  eden space 34944K,   0% used [0x00000000d1200000, 0x00000000d1200000, 0x00000000d3420000)
  from space 4352K,  12% used [0x00000000d3860000, 0x00000000d38e4520, 0x00000000d3ca0000)
  to   space 4352K,   0% used [0x00000000d3420000, 0x00000000d3420000, 0x00000000d3860000)
 concurrent mark-sweep generation total 363272K, used 254269K [0x00000000db860000, 0x00000000f1b22000, 0x0000000100000000)
 Metaspace       used 197199K, capacity 203203K, committed 203488K, reserved 1228800K
  class space    used 22204K, capacity 24619K, committed 24720K, reserved 1048576K
}
Event: 28047.988 GC heap before
{Heap before GC invocations=1095 (full 24):
 par new generation   total 39296K, used 35473K [0x00000000d1200000, 0x00000000d3ca0000, 0x00000000db860000)
  eden space 34944K, 100% used [0x00000000d1200000, 0x00000000d3420000, 0x00000000d3420000)
  from space 4352K,  12% used [0x00000000d3860000, 0x00000000d38e4520, 0x00000000d3ca0000)
  to   space 4352K,   0% used [0x00000000d3420000, 0x00000000d3420000, 0x00000000d3860000)
 concurrent mark-sweep generation total 363272K, used 254269K [0x00000000db860000, 0x00000000f1b22000, 0x0000000100000000)
 Metaspace       used 197199K, capacity 203203K, committed 203488K, reserved 1228800K
  class space    used 22204K, capacity 24619K, committed 24720K, reserved 1048576K
}
Event: 28047.993 GC heap after
{Heap after GC invocations=1096 (full 24):
 par new generation   total 39296K, used 956K [0x00000000d1200000, 0x00000000d3ca0000, 0x00000000db860000)
  eden space 34944K,   0% used [0x00000000d1200000, 0x00000000d1200000, 0x00000000d3420000)
  from space 4352K,  21% used [0x00000000d3420000, 0x00000000d350f190, 0x00000000d3860000)
  to   space 4352K,   0% used [0x00000000d3860000, 0x00000000d3860000, 0x00000000d3ca0000)
 concurrent mark-sweep generation total 363272K, used 254272K [0x00000000db860000, 0x00000000f1b22000, 0x0000000100000000)
 Metaspace       used 197199K, capacity 203203K, committed 203488K, reserved 1228800K
  class space    used 22204K, capacity 24619K, committed 24720K, reserved 1048576K
}
Event: 28071.105 GC heap before
{Heap before GC invocations=1096 (full 24):
 par new generation   total 39296K, used 35900K [0x00000000d1200000, 0x00000000d3ca0000, 0x00000000db860000)
  eden space 34944K, 100% used [0x00000000d1200000, 0x00000000d3420000, 0x00000000d3420000)
  from space 4352K,  21% used [0x00000000d3420000, 0x00000000d350f190, 0x00000000d3860000)
  to   space 4352K,   0% used [0x00000000d3860000, 0x00000000d3860000, 0x00000000d3ca0000)
 concurrent mark-sweep generation total 363272K, used 254272K [0x00000000db860000, 0x00000000f1b22000, 0x0000000100000000)
 Metaspace       used 197234K, capacity 203221K, committed 203488K, reserved 1228800K
  class space    used 22205K, capacity 24622K, committed 24720K, reserved 1048576K
}
Event: 28071.110 GC heap after
{Heap after GC invocations=1097 (full 24):
 par new generation   total 39296K, used 1856K [0x00000000d1200000, 0x00000000d3ca0000, 0x00000000db860000)
  eden space 34944K,   0% used [0x00000000d1200000, 0x00000000d1200000, 0x00000000d3420000)
  from space 4352K,  42% used [0x00000000d3860000, 0x00000000d3a30218, 0x00000000d3ca0000)
  to   space 4352K,   0% used [0x00000000d3420000, 0x00000000d3420000, 0x00000000d3860000)
 concurrent mark-sweep generation total 363272K, used 254272K [0x00000000db860000, 0x00000000f1b22000, 0x0000000100000000)
 Metaspace       used 197234K, capacity 203221K, committed 203488K, reserved 1228800K
  class space    used 22205K, capacity 24622K, committed 24720K, reserved 1048576K
}
Event: 29360.833 GC heap before
{Heap before GC invocations=1097 (full 24):
 par new generation   total 39296K, used 36800K [0x00000000d1200000, 0x00000000d3ca0000, 0x00000000db860000)
  eden space 34944K, 100% used [0x00000000d1200000, 0x00000000d3420000, 0x00000000d3420000)
  from space 4352K,  42% used [0x00000000d3860000, 0x00000000d3a30218, 0x00000000d3ca0000)
  to   space 4352K,   0% used [0x00000000d3420000, 0x00000000d3420000, 0x00000000d3860000)
 concurrent mark-sweep generation total 363272K, used 254272K [0x00000000db860000, 0x00000000f1b22000, 0x0000000100000000)
 Metaspace       used 197254K, capacity 203221K, committed 203488K, reserved 1228800K
  class space    used 22205K, capacity 24622K, committed 24720K, reserved 1048576K
}
Event: 29360.844 GC heap after
{Heap after GC invocations=1098 (full 24):
 par new generation   total 39296K, used 2658K [0x00000000d1200000, 0x00000000d3ca0000, 0x00000000db860000)
  eden space 34944K,   0% used [0x00000000d1200000, 0x00000000d1200000, 0x00000000d3420000)
  from space 4352K,  61% used [0x00000000d3420000, 0x00000000d36b8880, 0x00000000d3860000)
  to   space 4352K,   0% used [0x00000000d3860000, 0x00000000d3860000, 0x00000000d3ca0000)
 concurrent mark-sweep generation total 363272K, used 254277K [0x00000000db860000, 0x00000000f1b22000, 0x0000000100000000)
 Metaspace       used 197254K, capacity 203221K, committed 203488K, reserved 1228800K
  class space    used 22205K, capacity 24622K, committed 24720K, reserved 1048576K
}

