# JRE version: OpenJDK Runtime Environment (11.0.5+10) (build 11.0.5+10-b520.17)
# Java VM: OpenJDK 64-Bit Server VM (11.0.5+10-b520.17, mixed mode, tiered, compressed oops, concurrent mark sweep gc, linux-amd64)
Heap:
 par new generation   total 39296K, used 16905K [0x00000000d1200000, 0x00000000d3ca0000, 0x00000000db860000)
  eden space 34944K,  35% used [0x00000000d1200000, 0x00000000d1e427c8, 0x00000000d3420000)
  from space 4352K, 100% used [0x00000000d3860000, 0x00000000d3ca0000, 0x00000000d3ca0000)
  to   space 4352K,   0% used [0x00000000d3420000, 0x00000000d3420000, 0x00000000d3860000)
 concurrent mark-sweep generation total 283084K, used 133351K [0x00000000db860000, 0x00000000eccd3000, 0x0000000100000000)
 Metaspace       used 206712K, capacity 213044K, committed 213400K, reserved 1236992K
  class space    used 22829K, capacity 25366K, committed 25488K, reserved 1048576K
GC Heap History (20 events):
Event: 139630.310 GC heap before
{Heap before GC invocations=2555 (full 59):
 par new generation   total 39296K, used 35069K [0x00000000d1200000, 0x00000000d3ca0000, 0x00000000db860000)
  eden space 34944K,  98% used [0x00000000d1200000, 0x00000000d33a8350, 0x00000000d3420000)
  from space 4352K,  13% used [0x00000000d3860000, 0x00000000d38f7120, 0x00000000d3ca0000)
  to   space 4352K,   0% used [0x00000000d3420000, 0x00000000d3420000, 0x00000000d3860000)
 concurrent mark-sweep generation total 276768K, used 116146K [0x00000000db860000, 0x00000000ec6a8000, 0x0000000100000000)
 Metaspace       used 206602K, capacity 212932K, committed 213400K, reserved 1236992K
  class space    used 22815K, capacity 25353K, committed 25488K, reserved 1048576K
}
Event: 139630.314 GC heap after
{Heap after GC invocations=2556 (full 59):
 par new generation   total 39296K, used 1023K [0x00000000d1200000, 0x00000000d3ca0000, 0x00000000db860000)
  eden space 34944K,   0% used [0x00000000d1200000, 0x00000000d1200000, 0x00000000d3420000)
  from space 4352K,  23% used [0x00000000d3420000, 0x00000000d351fd60, 0x00000000d3860000)
  to   space 4352K,   0% used [0x00000000d3860000, 0x00000000d3860000, 0x00000000d3ca0000)
 concurrent mark-sweep generation total 276768K, used 116146K [0x00000000db860000, 0x00000000ec6a8000, 0x0000000100000000)
 Metaspace       used 206602K, capacity 212932K, committed 213400K, reserved 1236992K
  class space    used 22815K, capacity 25353K, committed 25488K, reserved 1048576K
}
Event: 139632.429 GC heap before
{Heap before GC invocations=2556 (full 59):
 par new generation   total 39296K, used 35967K [0x00000000d1200000, 0x00000000d3ca0000, 0x00000000db860000)
  eden space 34944K, 100% used [0x00000000d1200000, 0x00000000d3420000, 0x00000000d3420000)
  from space 4352K,  23% used [0x00000000d3420000, 0x00000000d351fd60, 0x00000000d3860000)
  to   space 4352K,   0% used [0x00000000d3860000, 0x00000000d3860000, 0x00000000d3ca0000)
 concurrent mark-sweep generation total 276768K, used 116146K [0x00000000db860000, 0x00000000ec6a8000, 0x0000000100000000)
 Metaspace       used 206602K, capacity 212932K, committed 213400K, reserved 1236992K
  class space    used 22815K, capacity 25353K, committed 25488K, reserved 1048576K
}
Event: 139632.434 GC heap after
{Heap after GC invocations=2557 (full 59):
 par new generation   total 39296K, used 626K [0x00000000d1200000, 0x00000000d3ca0000, 0x00000000db860000)
  eden space 34944K,   0% used [0x00000000d1200000, 0x00000000d1200000, 0x00000000d3420000)
  from space 4352K,  14% used [0x00000000d3860000, 0x00000000d38fc9d0, 0x00000000d3ca0000)
  to   space 4352K,   0% used [0x00000000d3420000, 0x00000000d3420000, 0x00000000d3860000)
 concurrent mark-sweep generation total 276768K, used 116146K [0x00000000db860000, 0x00000000ec6a8000, 0x0000000100000000)
 Metaspace       used 206602K, capacity 212932K, committed 213400K, reserved 1236992K
  class space    used 22815K, capacity 25353K, committed 25488K, reserved 1048576K
}
Event: 139634.236 GC heap before
{Heap before GC invocations=2557 (full 59):
 par new generation   total 39296K, used 35160K [0x00000000d1200000, 0x00000000d3ca0000, 0x00000000db860000)
  eden space 34944K,  98% used [0x00000000d1200000, 0x00000000d33b9660, 0x00000000d3420000)
  from space 4352K,  14% used [0x00000000d3860000, 0x00000000d38fc9d0, 0x00000000d3ca0000)
  to   space 4352K,   0% used [0x00000000d3420000, 0x00000000d3420000, 0x00000000d3860000)
 concurrent mark-sweep generation total 276768K, used 116146K [0x00000000db860000, 0x00000000ec6a8000, 0x0000000100000000)
 Metaspace       used 206602K, capacity 212932K, committed 213400K, reserved 1236992K
  class space    used 22815K, capacity 25353K, committed 25488K, reserved 1048576K
}
Event: 139634.239 GC heap after
{Heap after GC invocations=2558 (full 59):
 par new generation   total 39296K, used 807K [0x00000000d1200000, 0x00000000d3ca0000, 0x00000000db860000)
  eden space 34944K,   0% used [0x00000000d1200000, 0x00000000d1200000, 0x00000000d3420000)
  from space 4352K,  18% used [0x00000000d3420000, 0x00000000d34e9fd8, 0x00000000d3860000)
  to   space 4352K,   0% used [0x00000000d3860000, 0x00000000d3860000, 0x00000000d3ca0000)
 concurrent mark-sweep generation total 276768K, used 116146K [0x00000000db860000, 0x00000000ec6a8000, 0x0000000100000000)
 Metaspace       used 206602K, capacity 212932K, committed 213400K, reserved 1236992K
  class space    used 22815K, capacity 25353K, committed 25488K, reserved 1048576K
}
Event: 139639.310 GC heap before
{Heap before GC invocations=2558 (full 59):
 par new generation   total 39296K, used 35751K [0x00000000d1200000, 0x00000000d3ca0000, 0x00000000db860000)
  eden space 34944K, 100% used [0x00000000d1200000, 0x00000000d3420000, 0x00000000d3420000)
  from space 4352K,  18% used [0x00000000d3420000, 0x00000000d34e9fd8, 0x00000000d3860000)
  to   space 4352K,   0% used [0x00000000d3860000, 0x00000000d3860000, 0x00000000d3ca0000)
 concurrent mark-sweep generation total 276768K, used 116146K [0x00000000db860000, 0x00000000ec6a8000, 0x0000000100000000)
 Metaspace       used 206602K, capacity 212932K, committed 213400K, reserved 1236992K
  class space    used 22815K, capacity 25353K, committed 25488K, reserved 1048576K
}
Event: 139639.316 GC heap after
{Heap after GC invocations=2559 (full 59):
 par new generation   total 39296K, used 3286K [0x00000000d1200000, 0x00000000d3ca0000, 0x00000000db860000)
  eden space 34944K,   0% used [0x00000000d1200000, 0x00000000d1200000, 0x00000000d3420000)
  from space 4352K,  75% used [0x00000000d3860000, 0x00000000d3b95ae0, 0x00000000d3ca0000)
  to   space 4352K,   0% used [0x00000000d3420000, 0x00000000d3420000, 0x00000000d3860000)
 concurrent mark-sweep generation total 276768K, used 116186K [0x00000000db860000, 0x00000000ec6a8000, 0x0000000100000000)
 Metaspace       used 206602K, capacity 212932K, committed 213400K, reserved 1236992K
  class space    used 22815K, capacity 25353K, committed 25488K, reserved 1048576K
}
Event: 139640.102 GC heap before
{Heap before GC invocations=2559 (full 59):
 par new generation   total 39296K, used 38230K [0x00000000d1200000, 0x00000000d3ca0000, 0x00000000db860000)
  eden space 34944K, 100% used [0x00000000d1200000, 0x00000000d3420000, 0x00000000d3420000)
  from space 4352K,  75% used [0x00000000d3860000, 0x00000000d3b95ae0, 0x00000000d3ca0000)
  to   space 4352K,   0% used [0x00000000d3420000, 0x00000000d3420000, 0x00000000d3860000)
 concurrent mark-sweep generation total 276768K, used 116186K [0x00000000db860000, 0x00000000ec6a8000, 0x0000000100000000)
 Metaspace       used 206602K, capacity 212932K, committed 213400K, reserved 1236992K
  class space    used 22815K, capacity 25353K, committed 25488K, reserved 1048576K
}
Event: 139640.131 GC heap after
{Heap after GC invocations=2560 (full 59):
 par new generation   total 39296K, used 4352K [0x00000000d1200000, 0x00000000d3ca0000, 0x00000000db860000)
  eden space 34944K,   0% used [0x00000000d1200000, 0x00000000d1200000, 0x00000000d3420000)
  from space 4352K, 100% used [0x00000000d3420000, 0x00000000d3860000, 0x00000000d3860000)
  to   space 4352K,   0% used [0x00000000d3860000, 0x00000000d3860000, 0x00000000d3ca0000)
 concurrent mark-sweep generation total 276768K, used 120890K [0x00000000db860000, 0x00000000ec6a8000, 0x0000000100000000)
 Metaspace       used 206602K, capacity 212932K, committed 213400K, reserved 1236992K
  class space    used 22815K, capacity 25353K, committed 25488K, reserved 1048576K
}
Event: 139642.365 GC heap before
{Heap before GC invocations=2560 (full 59):
 par new generation   total 39296K, used 39295K [0x00000000d1200000, 0x00000000d3ca0000, 0x00000000db860000)
  eden space 34944K,  99% used [0x00000000d1200000, 0x00000000d341ffe8, 0x00000000d3420000)
  from space 4352K, 100% used [0x00000000d3420000, 0x00000000d3860000, 0x00000000d3860000)
  to   space 4352K,   0% used [0x00000000d3860000, 0x00000000d3860000, 0x00000000d3ca0000)
 concurrent mark-sweep generation total 276768K, used 120890K [0x00000000db860000, 0x00000000ec6a8000, 0x0000000100000000)
 Metaspace       used 206602K, capacity 212932K, committed 213400K, reserved 1236992K
  class space    used 22815K, capacity 25353K, committed 25488K, reserved 1048576K
}
Event: 139642.399 GC heap after
{Heap after GC invocations=2561 (full 59):
 par new generation   total 39296K, used 4352K [0x00000000d1200000, 0x00000000d3ca0000, 0x00000000db860000)
  eden space 34944K,   0% used [0x00000000d1200000, 0x00000000d1200000, 0x00000000d3420000)
  from space 4352K, 100% used [0x00000000d3860000, 0x00000000d3ca0000, 0x00000000d3ca0000)
  to   space 4352K,   0% used [0x00000000d3420000, 0x00000000d3420000, 0x00000000d3860000)
 concurrent mark-sweep generation total 276768K, used 124898K [0x00000000db860000, 0x00000000ec6a8000, 0x0000000100000000)
 Metaspace       used 206602K, capacity 212932K, committed 213400K, reserved 1236992K
  class space    used 22815K, capacity 25353K, committed 25488K, reserved 1048576K
}
Event: 139688.438 GC heap before
{Heap before GC invocations=2561 (full 59):
 par new generation   total 39296K, used 39296K [0x00000000d1200000, 0x00000000d3ca0000, 0x00000000db860000)
  eden space 34944K, 100% used [0x00000000d1200000, 0x00000000d3420000, 0x00000000d3420000)
  from space 4352K, 100% used [0x00000000d3860000, 0x00000000d3ca0000, 0x00000000d3ca0000)
  to   space 4352K,   0% used [0x00000000d3420000, 0x00000000d3420000, 0x00000000d3860000)
 concurrent mark-sweep generation total 276768K, used 124898K [0x00000000db860000, 0x00000000ec6a8000, 0x0000000100000000)
 Metaspace       used 206628K, capacity 212935K, committed 213400K, reserved 1236992K
  class space    used 22819K, capacity 25354K, committed 25488K, reserved 1048576K
}
Event: 139688.476 GC heap after
{Heap after GC invocations=2562 (full 59):
 par new generation   total 39296K, used 4005K [0x00000000d1200000, 0x00000000d3ca0000, 0x00000000db860000)
  eden space 34944K,   0% used [0x00000000d1200000, 0x00000000d1200000, 0x00000000d3420000)
  from space 4352K,  92% used [0x00000000d3420000, 0x00000000d38094c0, 0x00000000d3860000)
  to   space 4352K,   0% used [0x00000000d3860000, 0x00000000d3860000, 0x00000000d3ca0000)
 concurrent mark-sweep generation total 283084K, used 131503K [0x00000000db860000, 0x00000000eccd3000, 0x0000000100000000)
 Metaspace       used 206628K, capacity 212935K, committed 213400K, reserved 1236992K
  class space    used 22819K, capacity 25354K, committed 25488K, reserved 1048576K
}
Event: 139733.375 GC heap before
{Heap before GC invocations=2562 (full 59):
 par new generation   total 39296K, used 38949K [0x00000000d1200000, 0x00000000d3ca0000, 0x00000000db860000)
  eden space 34944K, 100% used [0x00000000d1200000, 0x00000000d3420000, 0x00000000d3420000)
  from space 4352K,  92% used [0x00000000d3420000, 0x00000000d38094c0, 0x00000000d3860000)
  to   space 4352K,   0% used [0x00000000d3860000, 0x00000000d3860000, 0x00000000d3ca0000)
 concurrent mark-sweep generation total 283084K, used 131503K [0x00000000db860000, 0x00000000eccd3000, 0x0000000100000000)
 Metaspace       used 206641K, capacity 212938K, committed 213400K, reserved 1236992K
  class space    used 22821K, capacity 25355K, committed 25488K, reserved 1048576K
}
Event: 139733.382 GC heap after
{Heap after GC invocations=2563 (full 59):
 par new generation   total 39296K, used 2258K [0x00000000d1200000, 0x00000000d3ca0000, 0x00000000db860000)
  eden space 34944K,   0% used [0x00000000d1200000, 0x00000000d1200000, 0x00000000d3420000)
  from space 4352K,  51% used [0x00000000d3860000, 0x00000000d3a94bb0, 0x00000000d3ca0000)
  to   space 4352K,   0% used [0x00000000d3420000, 0x00000000d3420000, 0x00000000d3860000)
 concurrent mark-sweep generation total 283084K, used 131503K [0x00000000db860000, 0x00000000eccd3000, 0x0000000100000000)
 Metaspace       used 206641K, capacity 212938K, committed 213400K, reserved 1236992K
  class space    used 22821K, capacity 25355K, committed 25488K, reserved 1048576K
}
Event: 140029.953 GC heap before
{Heap before GC invocations=2563 (full 59):
 par new generation   total 39296K, used 37079K [0x00000000d1200000, 0x00000000d3ca0000, 0x00000000db860000)
  eden space 34944K,  99% used [0x00000000d1200000, 0x00000000d3401430, 0x00000000d3420000)
  from space 4352K,  51% used [0x00000000d3860000, 0x00000000d3a94bb0, 0x00000000d3ca0000)
  to   space 4352K,   0% used [0x00000000d3420000, 0x00000000d3420000, 0x00000000d3860000)
 concurrent mark-sweep generation total 283084K, used 131503K [0x00000000db860000, 0x00000000eccd3000, 0x0000000100000000)
 Metaspace       used 206685K, capacity 212974K, committed 213400K, reserved 1236992K
  class space    used 22826K, capacity 25364K, committed 25488K, reserved 1048576K
}
Event: 140029.961 GC heap after
{Heap after GC invocations=2564 (full 59):
 par new generation   total 39296K, used 4352K [0x00000000d1200000, 0x00000000d3ca0000, 0x00000000db860000)
  eden space 34944K,   0% used [0x00000000d1200000, 0x00000000d1200000, 0x00000000d3420000)
  from space 4352K, 100% used [0x00000000d3420000, 0x00000000d3860000, 0x00000000d3860000)
  to   space 4352K,   0% used [0x00000000d3860000, 0x00000000d3860000, 0x00000000d3ca0000)
 concurrent mark-sweep generation total 283084K, used 131564K [0x00000000db860000, 0x00000000eccd3000, 0x0000000100000000)
 Metaspace       used 206685K, capacity 212974K, committed 213400K, reserved 1236992K
  class space    used 22826K, capacity 25364K, committed 25488K, reserved 1048576K
}
Event: 140101.623 GC heap before
{Heap before GC invocations=2564 (full 59):
 par new generation   total 39296K, used 39296K [0x00000000d1200000, 0x00000000d3ca0000, 0x00000000db860000)
  eden space 34944K, 100% used [0x00000000d1200000, 0x00000000d3420000, 0x00000000d3420000)
  from space 4352K, 100% used [0x00000000d3420000, 0x00000000d3860000, 0x00000000d3860000)
  to   space 4352K,   0% used [0x00000000d3860000, 0x00000000d3860000, 0x00000000d3ca0000)
 concurrent mark-sweep generation total 283084K, used 131564K [0x00000000db860000, 0x00000000eccd3000, 0x0000000100000000)
 Metaspace       used 206693K, capacity 213038K, committed 213400K, reserved 1236992K
  class space    used 22826K, capacity 25364K, committed 25488K, reserved 1048576K
}
Event: 140101.899 GC heap after
{Heap after GC invocations=2565 (full 59):
 par new generation   total 39296K, used 4352K [0x00000000d1200000, 0x00000000d3ca0000, 0x00000000db860000)
  eden space 34944K,   0% used [0x00000000d1200000, 0x00000000d1200000, 0x00000000d3420000)
  from space 4352K, 100% used [0x00000000d3860000, 0x00000000d3ca0000, 0x00000000d3ca0000)
  to   space 4352K,   0% used [0x00000000d3420000, 0x00000000d3420000, 0x00000000d3860000)
 concurrent mark-sweep generation total 283084K, used 133351K [0x00000000db860000, 0x00000000eccd3000, 0x0000000100000000)
 Metaspace       used 206693K, capacity 213038K, committed 213400K, reserved 1236992K
  class space    used 22826K, capacity 25364K, committed 25488K, reserved 1048576K
}

